/home/fitzgerald/private/ece552/cs552_cpu/asm/add_0.asm SUCCESS CPI:1.3 CYCLES:12 ICOUNT:9 IHITRATE: 0 DHITRATE: 0
/home/fitzgerald/private/ece552/cs552_cpu/asm/add_1.asm SUCCESS CPI:1.7 CYCLES:7 ICOUNT:4 IHITRATE: 0 DHITRATE: 0
/home/fitzgerald/private/ece552/cs552_cpu/asm/add_2.asm SUCCESS CPI:1.7 CYCLES:7 ICOUNT:4 IHITRATE: 0 DHITRATE: 0
/home/fitzgerald/private/ece552/cs552_cpu/asm/addi_0.asm SUCCESS CPI:2.0 CYCLES:6 ICOUNT:3 IHITRATE: 0 DHITRATE: 0
/home/fitzgerald/private/ece552/cs552_cpu/asm/addi_1.asm SUCCESS CPI:2.0 CYCLES:6 ICOUNT:3 IHITRATE: 0 DHITRATE: 0
/home/fitzgerald/private/ece552/cs552_cpu/asm/addi_2.asm SUCCESS CPI:2.0 CYCLES:6 ICOUNT:3 IHITRATE: 0 DHITRATE: 0
/home/fitzgerald/private/ece552/cs552_cpu/asm/addi_3.asm SUCCESS CPI:1.7 CYCLES:7 ICOUNT:4 IHITRATE: 0 DHITRATE: 0
/home/fitzgerald/private/ece552/cs552_cpu/asm/andn_0.asm SUCCESS CPI:1.5 CYCLES:9 ICOUNT:6 IHITRATE: 0 DHITRATE: 0
/home/fitzgerald/private/ece552/cs552_cpu/asm/andn_1.asm SUCCESS CPI:1.5 CYCLES:9 ICOUNT:6 IHITRATE: 0 DHITRATE: 0
/home/fitzgerald/private/ece552/cs552_cpu/asm/andn_2.asm SUCCESS CPI:2.0 CYCLES:6 ICOUNT:3 IHITRATE: 0 DHITRATE: 0
/home/fitzgerald/private/ece552/cs552_cpu/asm/andni_0.asm SUCCESS CPI:2.0 CYCLES:6 ICOUNT:3 IHITRATE: 0 DHITRATE: 0
/home/fitzgerald/private/ece552/cs552_cpu/asm/andni_1.asm SUCCESS CPI:2.0 CYCLES:6 ICOUNT:3 IHITRATE: 0 DHITRATE: 0
/home/fitzgerald/private/ece552/cs552_cpu/asm/andni_2.asm SUCCESS CPI:2.0 CYCLES:6 ICOUNT:3 IHITRATE: 0 DHITRATE: 0
/home/fitzgerald/private/ece552/cs552_cpu/asm/andni_3.asm SUCCESS CPI:2.0 CYCLES:6 ICOUNT:3 IHITRATE: 0 DHITRATE: 0
/home/fitzgerald/private/ece552/cs552_cpu/asm/andni_4.asm SUCCESS CPI:2.0 CYCLES:6 ICOUNT:3 IHITRATE: 0 DHITRATE: 0
/home/fitzgerald/private/ece552/cs552_cpu/asm/beqz_0.asm SUCCESS CPI:1.2 CYCLES:15 ICOUNT:12 IHITRATE: 0 DHITRATE: 0
/home/fitzgerald/private/ece552/cs552_cpu/asm/bgez_0.asm SUCCESS CPI:1.6 CYCLES:8 ICOUNT:5 IHITRATE: 0 DHITRATE: 0
/home/fitzgerald/private/ece552/cs552_cpu/asm/bgez_1.asm SUCCESS CPI:1.1 CYCLES:44 ICOUNT:41 IHITRATE: 0 DHITRATE: 0
/home/fitzgerald/private/ece552/cs552_cpu/asm/bgez_10.asm SUCCESS CPI:1.4 CYCLES:11 ICOUNT:8 IHITRATE: 0 DHITRATE: 0
/home/fitzgerald/private/ece552/cs552_cpu/asm/bgez_2.asm SUCCESS CPI:1.7 CYCLES:7 ICOUNT:4 IHITRATE: 0 DHITRATE: 0
/home/fitzgerald/private/ece552/cs552_cpu/asm/bgez_3.asm SUCCESS CPI:1.7 CYCLES:7 ICOUNT:4 IHITRATE: 0 DHITRATE: 0
/home/fitzgerald/private/ece552/cs552_cpu/asm/bgez_4.asm SUCCESS CPI:1.4 CYCLES:11 ICOUNT:8 IHITRATE: 0 DHITRATE: 0
/home/fitzgerald/private/ece552/cs552_cpu/asm/bgez_5.asm SUCCESS CPI:1.5 CYCLES:9 ICOUNT:6 IHITRATE: 0 DHITRATE: 0
/home/fitzgerald/private/ece552/cs552_cpu/asm/bgez_6.asm SUCCESS CPI:1.5 CYCLES:9 ICOUNT:6 IHITRATE: 0 DHITRATE: 0
/home/fitzgerald/private/ece552/cs552_cpu/asm/bgez_7.asm SUCCESS CPI:1.2 CYCLES:16 ICOUNT:13 IHITRATE: 0 DHITRATE: 0
/home/fitzgerald/private/ece552/cs552_cpu/asm/bgez_8.asm SUCCESS CPI:1.6 CYCLES:8 ICOUNT:5 IHITRATE: 0 DHITRATE: 0
/home/fitzgerald/private/ece552/cs552_cpu/asm/bgez_9.asm SUCCESS CPI:1.3 CYCLES:14 ICOUNT:11 IHITRATE: 0 DHITRATE: 0
/home/fitzgerald/private/ece552/cs552_cpu/asm/bltz_0.asm SUCCESS CPI:1.7 CYCLES:7 ICOUNT:4 IHITRATE: 0 DHITRATE: 0
/home/fitzgerald/private/ece552/cs552_cpu/asm/bltz_1.asm SUCCESS CPI:1.6 CYCLES:8 ICOUNT:5 IHITRATE: 0 DHITRATE: 0
/home/fitzgerald/private/ece552/cs552_cpu/asm/bltz_2.asm SUCCESS CPI:1.6 CYCLES:8 ICOUNT:5 IHITRATE: 0 DHITRATE: 0
/home/fitzgerald/private/ece552/cs552_cpu/asm/bltz_3.asm SUCCESS CPI:1.6 CYCLES:8 ICOUNT:5 IHITRATE: 0 DHITRATE: 0
/home/fitzgerald/private/ece552/cs552_cpu/asm/bnez_0.asm SUCCESS CPI:2.0 CYCLES:6 ICOUNT:3 IHITRATE: 0 DHITRATE: 0
/home/fitzgerald/private/ece552/cs552_cpu/asm/bnez_2.asm SUCCESS CPI:2.0 CYCLES:6 ICOUNT:3 IHITRATE: 0 DHITRATE: 0
/home/fitzgerald/private/ece552/cs552_cpu/asm/bnez_3.asm SUCCESS CPI:2.0 CYCLES:6 ICOUNT:3 IHITRATE: 0 DHITRATE: 0
/home/fitzgerald/private/ece552/cs552_cpu/asm/bnez_4.asm SUCCESS CPI:2.0 CYCLES:6 ICOUNT:3 IHITRATE: 0 DHITRATE: 0
/home/fitzgerald/private/ece552/cs552_cpu/asm/bnez_5.asm SUCCESS CPI:1.6 CYCLES:8 ICOUNT:5 IHITRATE: 0 DHITRATE: 0
/home/fitzgerald/private/ece552/cs552_cpu/asm/bnez_6.asm SUCCESS CPI:1.7 CYCLES:7 ICOUNT:4 IHITRATE: 0 DHITRATE: 0
/home/fitzgerald/private/ece552/cs552_cpu/asm/branchTest.asm SUCCESS CPI:1.1 CYCLES:35 ICOUNT:32 IHITRATE: 0 DHITRATE: 0
/home/fitzgerald/private/ece552/cs552_cpu/asm/btr_0.asm SUCCESS CPI:1.7 CYCLES:7 ICOUNT:4 IHITRATE: 0 DHITRATE: 0
/home/fitzgerald/private/ece552/cs552_cpu/asm/btr_1.asm SUCCESS CPI:1.7 CYCLES:7 ICOUNT:4 IHITRATE: 0 DHITRATE: 0
/home/fitzgerald/private/ece552/cs552_cpu/asm/btr_2.asm SUCCESS CPI:1.7 CYCLES:7 ICOUNT:4 IHITRATE: 0 DHITRATE: 0
/home/fitzgerald/private/ece552/cs552_cpu/asm/btr_3.asm SUCCESS CPI:1.7 CYCLES:7 ICOUNT:4 IHITRATE: 0 DHITRATE: 0
/home/fitzgerald/private/ece552/cs552_cpu/asm/btr_4.asm SUCCESS CPI:1.7 CYCLES:7 ICOUNT:4 IHITRATE: 0 DHITRATE: 0
/home/fitzgerald/private/ece552/cs552_cpu/asm/btr_5.asm SUCCESS CPI:1.7 CYCLES:7 ICOUNT:4 IHITRATE: 0 DHITRATE: 0
/home/fitzgerald/private/ece552/cs552_cpu/asm/btr_6.asm SUCCESS CPI:1.7 CYCLES:7 ICOUNT:4 IHITRATE: 0 DHITRATE: 0
/home/fitzgerald/private/ece552/cs552_cpu/asm/btr_7.asm SUCCESS CPI:1.7 CYCLES:7 ICOUNT:4 IHITRATE: 0 DHITRATE: 0
/home/fitzgerald/private/ece552/cs552_cpu/asm/btr_8.asm SUCCESS CPI:1.7 CYCLES:7 ICOUNT:4 IHITRATE: 0 DHITRATE: 0
/home/fitzgerald/private/ece552/cs552_cpu/asm/easyTest.asm SUCCESS CPI:1.0 CYCLES:179 ICOUNT:176 IHITRATE: 0 DHITRATE: 0
/home/fitzgerald/private/ece552/cs552_cpu/asm/finalTest2.asm SUCCESS CPI:1.0 CYCLES:559 ICOUNT:556 IHITRATE: 0 DHITRATE: 0
/home/fitzgerald/private/ece552/cs552_cpu/asm/firstTest.asm SUCCESS CPI:1.1 CYCLES:47 ICOUNT:44 IHITRATE: 0 DHITRATE: 0
/home/fitzgerald/private/ece552/cs552_cpu/asm/j_0.asm SUCCESS CPI:1.5 CYCLES:9 ICOUNT:6 IHITRATE: 0 DHITRATE: 0
/home/fitzgerald/private/ece552/cs552_cpu/asm/j_1.asm SUCCESS CPI:1.5 CYCLES:9 ICOUNT:6 IHITRATE: 0 DHITRATE: 0
/home/fitzgerald/private/ece552/cs552_cpu/asm/j_2.asm SUCCESS CPI:2.0 CYCLES:6 ICOUNT:3 IHITRATE: 0 DHITRATE: 0
/home/fitzgerald/private/ece552/cs552_cpu/asm/j_3.asm SUCCESS CPI:2.5 CYCLES:5 ICOUNT:2 IHITRATE: 0 DHITRATE: 0
/home/fitzgerald/private/ece552/cs552_cpu/asm/j_4.asm SUCCESS CPI:1.3 CYCLES:13 ICOUNT:10 IHITRATE: 0 DHITRATE: 0
/home/fitzgerald/private/ece552/cs552_cpu/asm/jal_0.asm SUCCESS CPI:2.0 CYCLES:6 ICOUNT:3 IHITRATE: 0 DHITRATE: 0
/home/fitzgerald/private/ece552/cs552_cpu/asm/jal_1.asm SUCCESS CPI:1.5 CYCLES:9 ICOUNT:6 IHITRATE: 0 DHITRATE: 0
/home/fitzgerald/private/ece552/cs552_cpu/asm/jal_10.asm SUCCESS CPI:2.5 CYCLES:5 ICOUNT:2 IHITRATE: 0 DHITRATE: 0
/home/fitzgerald/private/ece552/cs552_cpu/asm/jal_11.asm SUCCESS CPI:1.5 CYCLES:9 ICOUNT:6 IHITRATE: 0 DHITRATE: 0
/home/fitzgerald/private/ece552/cs552_cpu/asm/jal_12.asm SUCCESS CPI:1.7 CYCLES:7 ICOUNT:4 IHITRATE: 0 DHITRATE: 0
/home/fitzgerald/private/ece552/cs552_cpu/asm/jal_15.asm SUCCESS CPI:2.5 CYCLES:5 ICOUNT:2 IHITRATE: 0 DHITRATE: 0
/home/fitzgerald/private/ece552/cs552_cpu/asm/jal_16.asm SUCCESS CPI:2.5 CYCLES:5 ICOUNT:2 IHITRATE: 0 DHITRATE: 0
/home/fitzgerald/private/ece552/cs552_cpu/asm/jal_17.asm SUCCESS CPI:2.0 CYCLES:6 ICOUNT:3 IHITRATE: 0 DHITRATE: 0
/home/fitzgerald/private/ece552/cs552_cpu/asm/jal_19.asm SUCCESS CPI:1.5 CYCLES:9 ICOUNT:6 IHITRATE: 0 DHITRATE: 0
/home/fitzgerald/private/ece552/cs552_cpu/asm/jal_2.asm SUCCESS CPI:2.0 CYCLES:6 ICOUNT:3 IHITRATE: 0 DHITRATE: 0
/home/fitzgerald/private/ece552/cs552_cpu/asm/jal_22.asm SUCCESS CPI:2.5 CYCLES:5 ICOUNT:2 IHITRATE: 0 DHITRATE: 0
/home/fitzgerald/private/ece552/cs552_cpu/asm/jal_24.asm SUCCESS CPI:2.5 CYCLES:5 ICOUNT:2 IHITRATE: 0 DHITRATE: 0
/home/fitzgerald/private/ece552/cs552_cpu/asm/jal_25.asm SUCCESS CPI:2.5 CYCLES:5 ICOUNT:2 IHITRATE: 0 DHITRATE: 0
/home/fitzgerald/private/ece552/cs552_cpu/asm/jal_26.asm SUCCESS CPI:1.3 CYCLES:14 ICOUNT:11 IHITRATE: 0 DHITRATE: 0
/home/fitzgerald/private/ece552/cs552_cpu/asm/jal_27.asm SUCCESS CPI:1.6 CYCLES:8 ICOUNT:5 IHITRATE: 0 DHITRATE: 0
/home/fitzgerald/private/ece552/cs552_cpu/asm/jal_28.asm SUCCESS CPI:2.5 CYCLES:5 ICOUNT:2 IHITRATE: 0 DHITRATE: 0
/home/fitzgerald/private/ece552/cs552_cpu/asm/jal_29.asm SUCCESS CPI:2.5 CYCLES:5 ICOUNT:2 IHITRATE: 0 DHITRATE: 0
/home/fitzgerald/private/ece552/cs552_cpu/asm/jal_3.asm SUCCESS CPI:2.0 CYCLES:6 ICOUNT:3 IHITRATE: 0 DHITRATE: 0
/home/fitzgerald/private/ece552/cs552_cpu/asm/jal_30.asm SUCCESS CPI:1.3 CYCLES:13 ICOUNT:10 IHITRATE: 0 DHITRATE: 0
/home/fitzgerald/private/ece552/cs552_cpu/asm/jal_31.asm SUCCESS CPI:1.7 CYCLES:7 ICOUNT:4 IHITRATE: 0 DHITRATE: 0
/home/fitzgerald/private/ece552/cs552_cpu/asm/jal_32.asm SUCCESS CPI:2.5 CYCLES:5 ICOUNT:2 IHITRATE: 0 DHITRATE: 0
/home/fitzgerald/private/ece552/cs552_cpu/asm/jal_33.asm SUCCESS CPI:2.5 CYCLES:5 ICOUNT:2 IHITRATE: 0 DHITRATE: 0
/home/fitzgerald/private/ece552/cs552_cpu/asm/jal_35.asm SUCCESS CPI:1.6 CYCLES:8 ICOUNT:5 IHITRATE: 0 DHITRATE: 0
/home/fitzgerald/private/ece552/cs552_cpu/asm/jal_36.asm SUCCESS CPI:1.4 CYCLES:11 ICOUNT:8 IHITRATE: 0 DHITRATE: 0
/home/fitzgerald/private/ece552/cs552_cpu/asm/jal_4.asm SUCCESS CPI:1.7 CYCLES:7 ICOUNT:4 IHITRATE: 0 DHITRATE: 0
/home/fitzgerald/private/ece552/cs552_cpu/asm/jal_5.asm SUCCESS CPI:1.4 CYCLES:10 ICOUNT:7 IHITRATE: 0 DHITRATE: 0
/home/fitzgerald/private/ece552/cs552_cpu/asm/jal_6.asm SUCCESS CPI:1.6 CYCLES:8 ICOUNT:5 IHITRATE: 0 DHITRATE: 0
/home/fitzgerald/private/ece552/cs552_cpu/asm/jal_8.asm SUCCESS CPI:2.0 CYCLES:6 ICOUNT:3 IHITRATE: 0 DHITRATE: 0
/home/fitzgerald/private/ece552/cs552_cpu/asm/jalr_0.asm SUCCESS CPI:1.5 CYCLES:9 ICOUNT:6 IHITRATE: 0 DHITRATE: 0
/home/fitzgerald/private/ece552/cs552_cpu/asm/jalr_1.asm SUCCESS CPI:1.4 CYCLES:10 ICOUNT:7 IHITRATE: 0 DHITRATE: 0
/home/fitzgerald/private/ece552/cs552_cpu/asm/jalr_11.asm SUCCESS CPI:1.4 CYCLES:11 ICOUNT:8 IHITRATE: 0 DHITRATE: 0
/home/fitzgerald/private/ece552/cs552_cpu/asm/jalr_12.asm SUCCESS CPI:1.6 CYCLES:8 ICOUNT:5 IHITRATE: 0 DHITRATE: 0
/home/fitzgerald/private/ece552/cs552_cpu/asm/jalr_13.asm SUCCESS CPI:1.6 CYCLES:8 ICOUNT:5 IHITRATE: 0 DHITRATE: 0
/home/fitzgerald/private/ece552/cs552_cpu/asm/jalr_14.asm SUCCESS CPI:1.6 CYCLES:8 ICOUNT:5 IHITRATE: 0 DHITRATE: 0
/home/fitzgerald/private/ece552/cs552_cpu/asm/jalr_15.asm SUCCESS CPI:1.7 CYCLES:7 ICOUNT:4 IHITRATE: 0 DHITRATE: 0
/home/fitzgerald/private/ece552/cs552_cpu/asm/jalr_16.asm SUCCESS CPI:1.7 CYCLES:7 ICOUNT:4 IHITRATE: 0 DHITRATE: 0
/home/fitzgerald/private/ece552/cs552_cpu/asm/jalr_17.asm SUCCESS CPI:1.4 CYCLES:11 ICOUNT:8 IHITRATE: 0 DHITRATE: 0
/home/fitzgerald/private/ece552/cs552_cpu/asm/jalr_18.asm SUCCESS CPI:1.6 CYCLES:8 ICOUNT:5 IHITRATE: 0 DHITRATE: 0
/home/fitzgerald/private/ece552/cs552_cpu/asm/jalr_19.asm SUCCESS CPI:1.4 CYCLES:11 ICOUNT:8 IHITRATE: 0 DHITRATE: 0
/home/fitzgerald/private/ece552/cs552_cpu/asm/jalr_2.asm SUCCESS CPI:1.6 CYCLES:8 ICOUNT:5 IHITRATE: 0 DHITRATE: 0
/home/fitzgerald/private/ece552/cs552_cpu/asm/jalr_27.asm SUCCESS CPI:1.2 CYCLES:16 ICOUNT:13 IHITRATE: 0 DHITRATE: 0
/home/fitzgerald/private/ece552/cs552_cpu/asm/jalr_28.asm SUCCESS CPI:1.6 CYCLES:8 ICOUNT:5 IHITRATE: 0 DHITRATE: 0
/home/fitzgerald/private/ece552/cs552_cpu/asm/jalr_29.asm SUCCESS CPI:2.0 CYCLES:6 ICOUNT:3 IHITRATE: 0 DHITRATE: 0
/home/fitzgerald/private/ece552/cs552_cpu/asm/jalr_3.asm SUCCESS CPI:1.4 CYCLES:10 ICOUNT:7 IHITRATE: 0 DHITRATE: 0
/home/fitzgerald/private/ece552/cs552_cpu/asm/jalr_30.asm SUCCESS CPI:2.0 CYCLES:6 ICOUNT:3 IHITRATE: 0 DHITRATE: 0
/home/fitzgerald/private/ece552/cs552_cpu/asm/jalr_31.asm SUCCESS CPI:1.3 CYCLES:14 ICOUNT:11 IHITRATE: 0 DHITRATE: 0
/home/fitzgerald/private/ece552/cs552_cpu/asm/jalr_32.asm SUCCESS CPI:1.5 CYCLES:9 ICOUNT:6 IHITRATE: 0 DHITRATE: 0
/home/fitzgerald/private/ece552/cs552_cpu/asm/jalr_33.asm SUCCESS CPI:2.0 CYCLES:6 ICOUNT:3 IHITRATE: 0 DHITRATE: 0
/home/fitzgerald/private/ece552/cs552_cpu/asm/jalr_34.asm SUCCESS CPI:2.0 CYCLES:6 ICOUNT:3 IHITRATE: 0 DHITRATE: 0
/home/fitzgerald/private/ece552/cs552_cpu/asm/jalr_36.asm SUCCESS CPI:2.0 CYCLES:6 ICOUNT:3 IHITRATE: 0 DHITRATE: 0
/home/fitzgerald/private/ece552/cs552_cpu/asm/jalr_4.asm SUCCESS CPI:1.3 CYCLES:12 ICOUNT:9 IHITRATE: 0 DHITRATE: 0
/home/fitzgerald/private/ece552/cs552_cpu/asm/jalr_5.asm SUCCESS CPI:1.5 CYCLES:9 ICOUNT:6 IHITRATE: 0 DHITRATE: 0
/home/fitzgerald/private/ece552/cs552_cpu/asm/jalr_6.asm SUCCESS CPI:1.6 CYCLES:8 ICOUNT:5 IHITRATE: 0 DHITRATE: 0
/home/fitzgerald/private/ece552/cs552_cpu/asm/jalr_7.asm SUCCESS CPI:1.4 CYCLES:11 ICOUNT:8 IHITRATE: 0 DHITRATE: 0
/home/fitzgerald/private/ece552/cs552_cpu/asm/jr_0.asm SUCCESS CPI:1.7 CYCLES:7 ICOUNT:4 IHITRATE: 0 DHITRATE: 0
/home/fitzgerald/private/ece552/cs552_cpu/asm/lbi_0.asm SUCCESS CPI:1.5 CYCLES:9 ICOUNT:6 IHITRATE: 0 DHITRATE: 0
/home/fitzgerald/private/ece552/cs552_cpu/asm/lbi_1.asm SUCCESS CPI:1.3 CYCLES:12 ICOUNT:9 IHITRATE: 0 DHITRATE: 0
/home/fitzgerald/private/ece552/cs552_cpu/asm/ld_0.asm SUCCESS CPI:1.5 CYCLES:9 ICOUNT:6 IHITRATE: 0 DHITRATE: 0
/home/fitzgerald/private/ece552/cs552_cpu/asm/ld_1.asm SUCCESS CPI:1.5 CYCLES:9 ICOUNT:6 IHITRATE: 0 DHITRATE: 0
/home/fitzgerald/private/ece552/cs552_cpu/asm/ld_2.asm SUCCESS CPI:1.5 CYCLES:9 ICOUNT:6 IHITRATE: 0 DHITRATE: 0
/home/fitzgerald/private/ece552/cs552_cpu/asm/ld_3.asm SUCCESS CPI:1.3 CYCLES:14 ICOUNT:11 IHITRATE: 0 DHITRATE: 0
/home/fitzgerald/private/ece552/cs552_cpu/asm/loadStoreTest.asm SUCCESS CPI:1.1 CYCLES:37 ICOUNT:34 IHITRATE: 0 DHITRATE: 0
/home/fitzgerald/private/ece552/cs552_cpu/asm/rol_0.asm SUCCESS CPI:1.3 CYCLES:14 ICOUNT:11 IHITRATE: 0 DHITRATE: 0
/home/fitzgerald/private/ece552/cs552_cpu/asm/rol_1.asm SUCCESS CPI:1.1 CYCLES:38 ICOUNT:35 IHITRATE: 0 DHITRATE: 0
/home/fitzgerald/private/ece552/cs552_cpu/asm/roli_0.asm SUCCESS CPI:2.0 CYCLES:6 ICOUNT:3 IHITRATE: 0 DHITRATE: 0
/home/fitzgerald/private/ece552/cs552_cpu/asm/roli_1.asm SUCCESS CPI:2.0 CYCLES:6 ICOUNT:3 IHITRATE: 0 DHITRATE: 0
/home/fitzgerald/private/ece552/cs552_cpu/asm/roli_2.asm SUCCESS CPI:2.0 CYCLES:6 ICOUNT:3 IHITRATE: 0 DHITRATE: 0
/home/fitzgerald/private/ece552/cs552_cpu/asm/roli_3.asm SUCCESS CPI:2.0 CYCLES:6 ICOUNT:3 IHITRATE: 0 DHITRATE: 0
/home/fitzgerald/private/ece552/cs552_cpu/asm/roli_4.asm SUCCESS CPI:2.0 CYCLES:6 ICOUNT:3 IHITRATE: 0 DHITRATE: 0
/home/fitzgerald/private/ece552/cs552_cpu/asm/ror_0.asm SUCCESS CPI:1.7 CYCLES:7 ICOUNT:4 IHITRATE: 0 DHITRATE: 0
/home/fitzgerald/private/ece552/cs552_cpu/asm/ror_1.asm SUCCESS CPI:1.7 CYCLES:7 ICOUNT:4 IHITRATE: 0 DHITRATE: 0
/home/fitzgerald/private/ece552/cs552_cpu/asm/ror_2.asm SUCCESS CPI:1.7 CYCLES:7 ICOUNT:4 IHITRATE: 0 DHITRATE: 0
/home/fitzgerald/private/ece552/cs552_cpu/asm/ror_3.asm SUCCESS CPI:1.7 CYCLES:7 ICOUNT:4 IHITRATE: 0 DHITRATE: 0
/home/fitzgerald/private/ece552/cs552_cpu/asm/ror_4.asm SUCCESS CPI:1.7 CYCLES:7 ICOUNT:4 IHITRATE: 0 DHITRATE: 0
/home/fitzgerald/private/ece552/cs552_cpu/asm/ror_6.asm SUCCESS CPI:1.7 CYCLES:7 ICOUNT:4 IHITRATE: 0 DHITRATE: 0
/home/fitzgerald/private/ece552/cs552_cpu/asm/rori_0.asm SUCCESS CPI:1.1 CYCLES:38 ICOUNT:35 IHITRATE: 0 DHITRATE: 0
/home/fitzgerald/private/ece552/cs552_cpu/asm/sco_0.asm SUCCESS CPI:1.7 CYCLES:7 ICOUNT:4 IHITRATE: 0 DHITRATE: 0
/home/fitzgerald/private/ece552/cs552_cpu/asm/sco_1.asm SUCCESS CPI:1.7 CYCLES:7 ICOUNT:4 IHITRATE: 0 DHITRATE: 0
/home/fitzgerald/private/ece552/cs552_cpu/asm/sco_2.asm SUCCESS CPI:1.5 CYCLES:9 ICOUNT:6 IHITRATE: 0 DHITRATE: 0
/home/fitzgerald/private/ece552/cs552_cpu/asm/seq_0.asm SUCCESS CPI:1.0 CYCLES:73 ICOUNT:70 IHITRATE: 0 DHITRATE: 0
/home/fitzgerald/private/ece552/cs552_cpu/asm/seq_1.asm SUCCESS CPI:1.7 CYCLES:7 ICOUNT:4 IHITRATE: 0 DHITRATE: 0
/home/fitzgerald/private/ece552/cs552_cpu/asm/seq_2.asm SUCCESS CPI:1.7 CYCLES:7 ICOUNT:4 IHITRATE: 0 DHITRATE: 0
/home/fitzgerald/private/ece552/cs552_cpu/asm/seq_3.asm SUCCESS CPI:1.7 CYCLES:7 ICOUNT:4 IHITRATE: 0 DHITRATE: 0
/home/fitzgerald/private/ece552/cs552_cpu/asm/seq_4.asm SUCCESS CPI:1.7 CYCLES:7 ICOUNT:4 IHITRATE: 0 DHITRATE: 0
/home/fitzgerald/private/ece552/cs552_cpu/asm/seq_5.asm SUCCESS CPI:1.7 CYCLES:7 ICOUNT:4 IHITRATE: 0 DHITRATE: 0
/home/fitzgerald/private/ece552/cs552_cpu/asm/seq_6.asm SUCCESS CPI:1.7 CYCLES:7 ICOUNT:4 IHITRATE: 0 DHITRATE: 0
/home/fitzgerald/private/ece552/cs552_cpu/asm/seq_7.asm SUCCESS CPI:1.7 CYCLES:7 ICOUNT:4 IHITRATE: 0 DHITRATE: 0
/home/fitzgerald/private/ece552/cs552_cpu/asm/seq_8.asm SUCCESS CPI:1.7 CYCLES:7 ICOUNT:4 IHITRATE: 0 DHITRATE: 0
/home/fitzgerald/private/ece552/cs552_cpu/asm/seq_9.asm SUCCESS CPI:1.7 CYCLES:7 ICOUNT:4 IHITRATE: 0 DHITRATE: 0
/home/fitzgerald/private/ece552/cs552_cpu/asm/shiftTest.asm SUCCESS
/home/fitzgerald/private/ece552/cs552_cpu/asm/siic_0.asm FAILED
/home/fitzgerald/private/ece552/cs552_cpu/asm/slbi_0.asm SUCCESS CPI:2.0 CYCLES:6 ICOUNT:3 IHITRATE: 0 DHITRATE: 0
/home/fitzgerald/private/ece552/cs552_cpu/asm/slbi_1.asm SUCCESS CPI:2.0 CYCLES:6 ICOUNT:3 IHITRATE: 0 DHITRATE: 0
/home/fitzgerald/private/ece552/cs552_cpu/asm/slbi_2.asm SUCCESS CPI:2.0 CYCLES:6 ICOUNT:3 IHITRATE: 0 DHITRATE: 0
/home/fitzgerald/private/ece552/cs552_cpu/asm/sle_0.asm SUCCESS CPI:1.1 CYCLES:40 ICOUNT:37 IHITRATE: 0 DHITRATE: 0
/home/fitzgerald/private/ece552/cs552_cpu/asm/sle_1.asm SUCCESS CPI:1.6 CYCLES:8 ICOUNT:5 IHITRATE: 0 DHITRATE: 0
/home/fitzgerald/private/ece552/cs552_cpu/asm/sle_2.asm SUCCESS CPI:1.6 CYCLES:8 ICOUNT:5 IHITRATE: 0 DHITRATE: 0
/home/fitzgerald/private/ece552/cs552_cpu/asm/sle_3.asm SUCCESS CPI:1.6 CYCLES:8 ICOUNT:5 IHITRATE: 0 DHITRATE: 0
/home/fitzgerald/private/ece552/cs552_cpu/asm/sle_4.asm SUCCESS CPI:1.6 CYCLES:8 ICOUNT:5 IHITRATE: 0 DHITRATE: 0
/home/fitzgerald/private/ece552/cs552_cpu/asm/sle_5.asm SUCCESS CPI:1.6 CYCLES:8 ICOUNT:5 IHITRATE: 0 DHITRATE: 0
/home/fitzgerald/private/ece552/cs552_cpu/asm/sle_6.asm SUCCESS CPI:1.6 CYCLES:8 ICOUNT:5 IHITRATE: 0 DHITRATE: 0
/home/fitzgerald/private/ece552/cs552_cpu/asm/sll_0.asm SUCCESS CPI:1.7 CYCLES:7 ICOUNT:4 IHITRATE: 0 DHITRATE: 0
/home/fitzgerald/private/ece552/cs552_cpu/asm/sll_1.asm SUCCESS CPI:1.7 CYCLES:7 ICOUNT:4 IHITRATE: 0 DHITRATE: 0
/home/fitzgerald/private/ece552/cs552_cpu/asm/sll_2.asm SUCCESS CPI:1.7 CYCLES:7 ICOUNT:4 IHITRATE: 0 DHITRATE: 0
/home/fitzgerald/private/ece552/cs552_cpu/asm/sll_3.asm SUCCESS CPI:1.7 CYCLES:7 ICOUNT:4 IHITRATE: 0 DHITRATE: 0
/home/fitzgerald/private/ece552/cs552_cpu/asm/sll_4.asm SUCCESS CPI:1.7 CYCLES:7 ICOUNT:4 IHITRATE: 0 DHITRATE: 0
/home/fitzgerald/private/ece552/cs552_cpu/asm/slli_0.asm SUCCESS CPI:1.3 CYCLES:12 ICOUNT:9 IHITRATE: 0 DHITRATE: 0
/home/fitzgerald/private/ece552/cs552_cpu/asm/slli_1.asm SUCCESS CPI:1.5 CYCLES:9 ICOUNT:6 IHITRATE: 0 DHITRATE: 0
/home/fitzgerald/private/ece552/cs552_cpu/asm/slli_2.asm SUCCESS CPI:1.6 CYCLES:8 ICOUNT:5 IHITRATE: 0 DHITRATE: 0
/home/fitzgerald/private/ece552/cs552_cpu/asm/slt_0.asm SUCCESS CPI:1.7 CYCLES:7 ICOUNT:4 IHITRATE: 0 DHITRATE: 0
/home/fitzgerald/private/ece552/cs552_cpu/asm/slt_1.asm SUCCESS CPI:1.7 CYCLES:7 ICOUNT:4 IHITRATE: 0 DHITRATE: 0
/home/fitzgerald/private/ece552/cs552_cpu/asm/slt_2.asm SUCCESS CPI:2.0 CYCLES:6 ICOUNT:3 IHITRATE: 0 DHITRATE: 0
/home/fitzgerald/private/ece552/cs552_cpu/asm/slt_5.asm SUCCESS CPI:1.3 CYCLES:13 ICOUNT:10 IHITRATE: 0 DHITRATE: 0
/home/fitzgerald/private/ece552/cs552_cpu/asm/srl_0.asm SUCCESS CPI:1.6 CYCLES:8 ICOUNT:5 IHITRATE: 0 DHITRATE: 0
/home/fitzgerald/private/ece552/cs552_cpu/asm/srl_1.asm SUCCESS CPI:1.5 CYCLES:9 ICOUNT:6 IHITRATE: 0 DHITRATE: 0
/home/fitzgerald/private/ece552/cs552_cpu/asm/srl_2.asm SUCCESS CPI:1.6 CYCLES:8 ICOUNT:5 IHITRATE: 0 DHITRATE: 0
/home/fitzgerald/private/ece552/cs552_cpu/asm/srl_3.asm SUCCESS CPI:1.6 CYCLES:8 ICOUNT:5 IHITRATE: 0 DHITRATE: 0
/home/fitzgerald/private/ece552/cs552_cpu/asm/srl_4.asm SUCCESS CPI:1.6 CYCLES:8 ICOUNT:5 IHITRATE: 0 DHITRATE: 0
/home/fitzgerald/private/ece552/cs552_cpu/asm/srli_0.asm SUCCESS CPI:2.0 CYCLES:6 ICOUNT:3 IHITRATE: 0 DHITRATE: 0
/home/fitzgerald/private/ece552/cs552_cpu/asm/srli_1.asm SUCCESS CPI:2.0 CYCLES:6 ICOUNT:3 IHITRATE: 0 DHITRATE: 0
/home/fitzgerald/private/ece552/cs552_cpu/asm/srli_2.asm SUCCESS CPI:2.0 CYCLES:6 ICOUNT:3 IHITRATE: 0 DHITRATE: 0
/home/fitzgerald/private/ece552/cs552_cpu/asm/st_0.asm SUCCESS CPI:1.5 CYCLES:9 ICOUNT:6 IHITRATE: 0 DHITRATE: 0
/home/fitzgerald/private/ece552/cs552_cpu/asm/st_1.asm SUCCESS CPI:1.5 CYCLES:9 ICOUNT:6 IHITRATE: 0 DHITRATE: 0
/home/fitzgerald/private/ece552/cs552_cpu/asm/st_10.asm SUCCESS CPI:1.7 CYCLES:7 ICOUNT:4 IHITRATE: 0 DHITRATE: 0
/home/fitzgerald/private/ece552/cs552_cpu/asm/st_2.asm SUCCESS CPI:1.5 CYCLES:9 ICOUNT:6 IHITRATE: 0 DHITRATE: 0
/home/fitzgerald/private/ece552/cs552_cpu/asm/st_3.asm SUCCESS CPI:1.4 CYCLES:10 ICOUNT:7 IHITRATE: 0 DHITRATE: 0
/home/fitzgerald/private/ece552/cs552_cpu/asm/st_4.asm SUCCESS CPI:1.7 CYCLES:7 ICOUNT:4 IHITRATE: 0 DHITRATE: 0
/home/fitzgerald/private/ece552/cs552_cpu/asm/st_5.asm SUCCESS CPI:1.7 CYCLES:7 ICOUNT:4 IHITRATE: 0 DHITRATE: 0
/home/fitzgerald/private/ece552/cs552_cpu/asm/st_6.asm SUCCESS CPI:1.7 CYCLES:7 ICOUNT:4 IHITRATE: 0 DHITRATE: 0
/home/fitzgerald/private/ece552/cs552_cpu/asm/st_7.asm SUCCESS CPI:1.7 CYCLES:7 ICOUNT:4 IHITRATE: 0 DHITRATE: 0
/home/fitzgerald/private/ece552/cs552_cpu/asm/st_8.asm SUCCESS CPI:1.7 CYCLES:7 ICOUNT:4 IHITRATE: 0 DHITRATE: 0
/home/fitzgerald/private/ece552/cs552_cpu/asm/st_9.asm SUCCESS CPI:1.7 CYCLES:7 ICOUNT:4 IHITRATE: 0 DHITRATE: 0
/home/fitzgerald/private/ece552/cs552_cpu/asm/stu_0.asm SUCCESS CPI:1.6 CYCLES:8 ICOUNT:5 IHITRATE: 0 DHITRATE: 0
/home/fitzgerald/private/ece552/cs552_cpu/asm/stu_1.asm SUCCESS CPI:1.6 CYCLES:8 ICOUNT:5 IHITRATE: 0 DHITRATE: 0
/home/fitzgerald/private/ece552/cs552_cpu/asm/stu_2.asm SUCCESS CPI:1.6 CYCLES:8 ICOUNT:5 IHITRATE: 0 DHITRATE: 0
/home/fitzgerald/private/ece552/cs552_cpu/asm/sub_0.asm SUCCESS CPI:1.6 CYCLES:8 ICOUNT:5 IHITRATE: 0 DHITRATE: 0
/home/fitzgerald/private/ece552/cs552_cpu/asm/sub_1.asm SUCCESS CPI:1.5 CYCLES:9 ICOUNT:6 IHITRATE: 0 DHITRATE: 0
/home/fitzgerald/private/ece552/cs552_cpu/asm/sub_2.asm SUCCESS CPI:1.7 CYCLES:7 ICOUNT:4 IHITRATE: 0 DHITRATE: 0
/home/fitzgerald/private/ece552/cs552_cpu/asm/sub_3.asm SUCCESS CPI:1.7 CYCLES:7 ICOUNT:4 IHITRATE: 0 DHITRATE: 0
/home/fitzgerald/private/ece552/cs552_cpu/asm/sub_4.asm SUCCESS CPI:1.7 CYCLES:7 ICOUNT:4 IHITRATE: 0 DHITRATE: 0
/home/fitzgerald/private/ece552/cs552_cpu/asm/sub_5.asm SUCCESS CPI:1.7 CYCLES:7 ICOUNT:4 IHITRATE: 0 DHITRATE: 0
/home/fitzgerald/private/ece552/cs552_cpu/asm/sub_6.asm SUCCESS CPI:2.0 CYCLES:6 ICOUNT:3 IHITRATE: 0 DHITRATE: 0
/home/fitzgerald/private/ece552/cs552_cpu/asm/sub_7.asm SUCCESS CPI:2.0 CYCLES:6 ICOUNT:3 IHITRATE: 0 DHITRATE: 0
/home/fitzgerald/private/ece552/cs552_cpu/asm/subi_0.asm SUCCESS CPI:2.0 CYCLES:6 ICOUNT:3 IHITRATE: 0 DHITRATE: 0
/home/fitzgerald/private/ece552/cs552_cpu/asm/subi_1.asm SUCCESS CPI:2.0 CYCLES:6 ICOUNT:3 IHITRATE: 0 DHITRATE: 0
/home/fitzgerald/private/ece552/cs552_cpu/asm/subi_2.asm SUCCESS CPI:2.0 CYCLES:6 ICOUNT:3 IHITRATE: 0 DHITRATE: 0
/home/fitzgerald/private/ece552/cs552_cpu/asm/t_1_add.asm SUCCESS CPI:1.1 CYCLES:36 ICOUNT:33 IHITRATE: 0 DHITRATE: 0
/home/fitzgerald/private/ece552/cs552_cpu/asm/t_1_addi.asm SUCCESS CPI:1.1 CYCLES:36 ICOUNT:33 IHITRATE: 0 DHITRATE: 0
/home/fitzgerald/private/ece552/cs552_cpu/asm/t_1_all.asm SUCCESS
/home/fitzgerald/private/ece552/cs552_cpu/asm/t_1_andn.asm SUCCESS CPI:1.1 CYCLES:36 ICOUNT:33 IHITRATE: 0 DHITRATE: 0
/home/fitzgerald/private/ece552/cs552_cpu/asm/t_1_andni.asm SUCCESS CPI:1.1 CYCLES:36 ICOUNT:33 IHITRATE: 0 DHITRATE: 0
/home/fitzgerald/private/ece552/cs552_cpu/asm/t_1_beqz.asm SUCCESS CPI:1.0 CYCLES:300 ICOUNT:297 IHITRATE: 0 DHITRATE: 0
/home/fitzgerald/private/ece552/cs552_cpu/asm/t_1_bgez.asm SUCCESS CPI:1.0 CYCLES:206 ICOUNT:203 IHITRATE: 0 DHITRATE: 0
/home/fitzgerald/private/ece552/cs552_cpu/asm/t_1_bltz.asm SUCCESS CPI:1.0 CYCLES:284 ICOUNT:281 IHITRATE: 0 DHITRATE: 0
/home/fitzgerald/private/ece552/cs552_cpu/asm/t_1_bnez.asm SUCCESS CPI:1.0 CYCLES:226 ICOUNT:223 IHITRATE: 0 DHITRATE: 0
/home/fitzgerald/private/ece552/cs552_cpu/asm/t_1_btr.asm SUCCESS CPI:1.1 CYCLES:52 ICOUNT:49 IHITRATE: 0 DHITRATE: 0
/home/fitzgerald/private/ece552/cs552_cpu/asm/t_1_ctrl.asm SUCCESS
/home/fitzgerald/private/ece552/cs552_cpu/asm/t_1_j.asm SUCCESS CPI:1.2 CYCLES:20 ICOUNT:17 IHITRATE: 0 DHITRATE: 0
/home/fitzgerald/private/ece552/cs552_cpu/asm/t_1_jal.asm SUCCESS CPI:1.2 CYCLES:20 ICOUNT:17 IHITRATE: 0 DHITRATE: 0
/home/fitzgerald/private/ece552/cs552_cpu/asm/t_1_jalr.asm SUCCESS CPI:1.0 CYCLES:116 ICOUNT:113 IHITRATE: 0 DHITRATE: 0
/home/fitzgerald/private/ece552/cs552_cpu/asm/t_1_jr.asm SUCCESS CPI:1.0 CYCLES:116 ICOUNT:113 IHITRATE: 0 DHITRATE: 0
/home/fitzgerald/private/ece552/cs552_cpu/asm/t_1_lbi.asm SUCCESS CPI:1.1 CYCLES:36 ICOUNT:33 IHITRATE: 0 DHITRATE: 0
/home/fitzgerald/private/ece552/cs552_cpu/asm/t_1_ld.asm SUCCESS CPI:1.1 CYCLES:52 ICOUNT:49 IHITRATE: 0 DHITRATE: 0
/home/fitzgerald/private/ece552/cs552_cpu/asm/t_1_mem.asm SUCCESS
/home/fitzgerald/private/ece552/cs552_cpu/asm/t_1_rol.asm SUCCESS CPI:1.1 CYCLES:36 ICOUNT:33 IHITRATE: 0 DHITRATE: 0
/home/fitzgerald/private/ece552/cs552_cpu/asm/t_1_roli.asm SUCCESS CPI:1.1 CYCLES:36 ICOUNT:33 IHITRATE: 0 DHITRATE: 0
/home/fitzgerald/private/ece552/cs552_cpu/asm/t_1_ror.asm SUCCESS CPI:1.1 CYCLES:36 ICOUNT:33 IHITRATE: 0 DHITRATE: 0
/home/fitzgerald/private/ece552/cs552_cpu/asm/t_1_rori.asm SUCCESS CPI:1.1 CYCLES:36 ICOUNT:33 IHITRATE: 0 DHITRATE: 0
/home/fitzgerald/private/ece552/cs552_cpu/asm/t_1_sco.asm SUCCESS CPI:1.1 CYCLES:36 ICOUNT:33 IHITRATE: 0 DHITRATE: 0
/home/fitzgerald/private/ece552/cs552_cpu/asm/t_1_seq.asm SUCCESS CPI:1.1 CYCLES:36 ICOUNT:33 IHITRATE: 0 DHITRATE: 0
/home/fitzgerald/private/ece552/cs552_cpu/asm/t_1_slbi.asm SUCCESS CPI:1.1 CYCLES:36 ICOUNT:33 IHITRATE: 0 DHITRATE: 0
/home/fitzgerald/private/ece552/cs552_cpu/asm/t_1_sle.asm SUCCESS CPI:1.1 CYCLES:36 ICOUNT:33 IHITRATE: 0 DHITRATE: 0
/home/fitzgerald/private/ece552/cs552_cpu/asm/t_1_sll.asm SUCCESS CPI:1.1 CYCLES:36 ICOUNT:33 IHITRATE: 0 DHITRATE: 0
/home/fitzgerald/private/ece552/cs552_cpu/asm/t_1_slli.asm SUCCESS CPI :1.1 CYCLES:36 ICOUNT:33 IHITRATE: 0 DHITRATE: 0
/home/fitzgerald/private/ece552/cs552_cpu/asm/t_1_slt.asm SUCCESS
/home/fitzgerald/private/ece552/cs552_cpu/asm/t_1_srl.asm SUCCESS CPI:1.1 CYCLES:36 ICOUNT:33 IHITRATE: 0 DHITRATE: 0
/home/fitzgerald/private/ece552/cs552_cpu/asm/t_1_srli.asm SUCCESS CPI:1.1 CYCLES:36 ICOUNT:33 IHITRATE: 0 DHITRATE: 0
/home/fitzgerald/private/ece552/cs552_cpu/asm/t_1_st.asm SUCCESS CPI:1.1 CYCLES:52 ICOUNT:49 IHITRATE: 0 DHITRATE: 0
/home/fitzgerald/private/ece552/cs552_cpu/asm/t_1_stu.asm SUCCESS CPI:1.1 CYCLES:52 ICOUNT:49 IHITRATE: 0 DHITRATE: 0
/home/fitzgerald/private/ece552/cs552_cpu/asm/t_1_sub.asm SUCCESS CPI:1.1 CYCLES:36 ICOUNT:33 IHITRATE: 0 DHITRATE: 0
/home/fitzgerald/private/ece552/cs552_cpu/asm/t_1_subi.asm SUCCESS CPI:1.1 CYCLES:36 ICOUNT:33 IHITRATE: 0 DHITRATE: 0
/home/fitzgerald/private/ece552/cs552_cpu/asm/t_1_xor.asm SUCCESS CPI:1.1 CYCLES:36 ICOUNT:33 IHITRATE: 0 DHITRATE: 0
/home/fitzgerald/private/ece552/cs552_cpu/asm/t_1_xori.asm SUCCESS CPI:1.1 CYCLES:36 ICOUNT:33 IHITRATE: 0 DHITRATE: 0
/home/fitzgerald/private/ece552/cs552_cpu/asm/t_2_add.asm SUCCESS CPI:1.1 CYCLES:36 ICOUNT:33 IHITRATE: 0 DHITRATE: 0
/home/fitzgerald/private/ece552/cs552_cpu/asm/t_2_addi.asm SUCCESS CPI:1.1 CYCLES:36 ICOUNT:33 IHITRATE: 0 DHITRATE: 0
/home/fitzgerald/private/ece552/cs552_cpu/asm/t_2_all.asm SUCCESS CPI:1.0 CYCLES:587 ICOUNT:584 IHITRATE: 0 DHITRATE: 0
/home/fitzgerald/private/ece552/cs552_cpu/asm/t_2_andn.asm SUCCESS CPI:1.1 CYCLES:36 ICOUNT:33 IHITRATE: 0 DHITRATE: 0
/home/fitzgerald/private/ece552/cs552_cpu/asm/t_2_andni.asm SUCCESS CPI:1.1 CYCLES:36 ICOUNT:33 IHITRATE: 0 DHITRATE: 0
/home/fitzgerald/private/ece552/cs552_cpu/asm/t_2_beqz.asm SUCCESS CPI:1.0 CYCLES:284 ICOUNT:281 IHITRATE: 0 DHITRATE: 0
/home/fitzgerald/private/ece552/cs552_cpu/asm/t_2_bgez.asm SUCCESS CPI:1.0 CYCLES:220 ICOUNT:217 IHITRATE: 0 DHITRATE: 0
/home/fitzgerald/private/ece552/cs552_cpu/asm/t_2_bltz.asm SUCCESS CPI:1.0 CYCLES:234 ICOUNT:231 IHITRATE: 0 DHITRATE: 0
/home/fitzgerald/private/ece552/cs552_cpu/asm/t_2_bnez.asm SUCCESS CPI:1.0 CYCLES:226 ICOUNT:223 IHITRATE: 0 DHITRATE: 0
/home/fitzgerald/private/ece552/cs552_cpu/asm/t_2_btr.asm SUCCESS CPI:1.1 CYCLES:52 ICOUNT:49 IHITRATE: 0 DHITRATE: 0
/home/fitzgerald/private/ece552/cs552_cpu/asm/t_2_ctrl.asm SUCCESS
/home/fitzgerald/private/ece552/cs552_cpu/asm/t_2_j.asm SUCCESS CPI:1.2 CYCLES:20 ICOUNT:17 IHITRATE: 0 DHITRATE: 0
/home/fitzgerald/private/ece552/cs552_cpu/asm/t_2_jal.asm SUCCESS CPI:1.2 CYCLES:20 ICOUNT:17 IHITRATE: 0 DHITRATE: 0
/home/fitzgerald/private/ece552/cs552_cpu/asm/t_2_jalr.asm SUCCESS CPI:1.0 CYCLES:116 ICOUNT:113 IHITRATE: 0 DHITRATE: 0
/home/fitzgerald/private/ece552/cs552_cpu/asm/t_2_jr.asm SUCCESS CPI:1.0 CYCLES:116 ICOUNT:113 IHITRATE: 0 DHITRATE: 0
/home/fitzgerald/private/ece552/cs552_cpu/asm/t_2_lbi.asm SUCCESS CPI:1.1 CYCLES:36 ICOUNT:33 IHITRATE: 0 DHITRATE: 0
/home/fitzgerald/private/ece552/cs552_cpu/asm/t_2_ld.asm SUCCESS CPI:1.1 CYCLES:52 ICOUNT:49 IHITRATE: 0 DHITRATE: 0
/home/fitzgerald/private/ece552/cs552_cpu/asm/t_2_mem.asm SUCCESS
/home/fitzgerald/private/ece552/cs552_cpu/asm/t_2_rol.asm SUCCESS CPI:1.1 CYCLES:36 ICOUNT:33 IHITRATE: 0 DHITRATE: 0
/home/fitzgerald/private/ece552/cs552_cpu/asm/t_2_roli.asm SUCCESS CPI:1.1 CYCLES:36 ICOUNT:33 IHITRATE: 0 DHITRATE: 0
/home/fitzgerald/private/ece552/cs552_cpu/asm/t_2_ror.asm SUCCESS CPI:1.1 CYCLES:36 ICOUNT:33 IHITRATE: 0 DHITRATE: 0
/home/fitzgerald/private/ece552/cs552_cpu/asm/t_2_rori.asm SUCCESS CPI:1.1 CYCLES:36 ICOUNT:33 IHITRATE: 0 DHITRATE: 0
/home/fitzgerald/private/ece552/cs552_cpu/asm/t_2_sco.asm SUCCESS CPI:1.1 CYCLES:36 ICOUNT:33 IHITRATE: 0 DHITRATE: 0
/home/fitzgerald/private/ece552/cs552_cpu/asm/t_2_seq.asm SUCCESS CPI:1.1 CYCLES:36 ICOUNT:33 IHITRATE: 0 DHITRATE: 0
/home/fitzgerald/private/ece552/cs552_cpu/asm/t_2_slbi.asm SUCCESS CPI:1.1 CYCLES:36 ICOUNT:33 IHITRATE: 0 DHITRATE: 0
/home/fitzgerald/private/ece552/cs552_cpu/asm/t_2_sle.asm SUCCESS
/home/fitzgerald/private/ece552/cs552_cpu/asm/t_2_sll.asm SUCCESS CPI:1.1 CYCLES:36 ICOUNT:33 IHITRATE: 0 DHITRATE: 0
/home/fitzgerald/private/ece552/cs552_cpu/asm/t_2_slli.asm SUCCESS CPI:1.1 CYCLES:36 ICOUNT:33 IHITRATE: 0 DHITRATE: 0
/home/fitzgerald/private/ece552/cs552_cpu/asm/t_2_slt.asm SUCCESS
/home/fitzgerald/private/ece552/cs552_cpu/asm/t_2_srl.asm SUCCESS CPI:1.1 CYCLES:36 ICOUNT:33 IHITRATE: 0 DHITRATE: 0
/home/fitzgerald/private/ece552/cs552_cpu/asm/t_2_srli.asm SUCCESS CPI:1.1 CYCLES:36 ICOUNT:33 IHITRATE: 0 DHITRATE: 0
/home/fitzgerald/private/ece552/cs552_cpu/asm/t_2_st.asm SUCCESS CPI:1.1 CYCLES:52 ICOUNT:49 IHITRATE: 0 DHITRATE: 0
/home/fitzgerald/private/ece552/cs552_cpu/asm/t_2_stu.asm SUCCESS CPI:1.1 CYCLES:52 ICOUNT:49 IHITRATE: 0 DHITRATE: 0
/home/fitzgerald/private/ece552/cs552_cpu/asm/t_2_sub.asm SUCCESS CPI:1.1 CYCLES:36 ICOUNT:33 IHITRATE: 0 DHITRATE: 0
/home/fitzgerald/private/ece552/cs552_cpu/asm/t_2_subi.asm SUCCESS CPI:1.1 CYCLES:36 ICOUNT:33 IHITRATE: 0 DHITRATE: 0
/home/fitzgerald/private/ece552/cs552_cpu/asm/t_2_xor.asm SUCCESS CPI:1.1 CYCLES:36 ICOUNT:33 IHITRATE: 0 DHITRATE: 0
/home/fitzgerald/private/ece552/cs552_cpu/asm/t_2_xori.asm SUCCESS CPI:1.1 CYCLES:36 ICOUNT:33 IHITRATE: 0 DHITRATE: 0
/home/fitzgerald/private/ece552/cs552_cpu/asm/t_3_add.asm SUCCESS CPI:1.1 CYCLES:36 ICOUNT:33 IHITRATE: 0 DHITRATE: 0
/home/fitzgerald/private/ece552/cs552_cpu/asm/t_3_addi.asm SUCCESS CPI:1.1 CYCLES:36 ICOUNT:33 IHITRATE: 0 DHITRATE: 0
/home/fitzgerald/private/ece552/cs552_cpu/asm/t_3_all.asm SUCCESS
/home/fitzgerald/private/ece552/cs552_cpu/asm/t_3_andn.asm SUCCESS CPI:1.1 CYCLES:36 ICOUNT:33 IHITRATE: 0 DHITRATE: 0
/home/fitzgerald/private/ece552/cs552_cpu/asm/t_3_andni.asm SUCCESS CPI:1.1 CYCLES:36 ICOUNT:33 IHITRATE: 0 DHITRATE: 0
/home/fitzgerald/private/ece552/cs552_cpu/asm/t_3_beqz.asm SUCCESS CPI:1.0 CYCLES:304 ICOUNT:301 IHITRATE: 0 DHITRATE: 0
/home/fitzgerald/private/ece552/cs552_cpu/asm/t_3_bgez.asm SUCCESS CPI:1.0 CYCLES:188 ICOUNT:185 IHITRATE: 0 DHITRATE: 0
/home/fitzgerald/private/ece552/cs552_cpu/asm/t_3_bltz.asm SUCCESS CPI:1.0 CYCLES:162 ICOUNT:159 IHITRATE: 0 DHITRATE: 0
/home/fitzgerald/private/ece552/cs552_cpu/asm/t_3_bnez.asm SUCCESS CPI:1.0 CYCLES:196 ICOUNT:193 IHITRATE: 0 DHITRATE: 0
/home/fitzgerald/private/ece552/cs552_cpu/asm/t_3_btr.asm SUCCESS CPI:1.1 CYCLES:52 ICOUNT:49 IHITRATE: 0 DHITRATE: 0
/home/fitzgerald/private/ece552/cs552_cpu/asm/t_3_ctrl.asm SUCCESS CPI:1.0 CYCLES:1107 ICOUNT:1104 IHITRATE: 0 DHITRATE: 0
/home/fitzgerald/private/ece552/cs552_cpu/asm/t_3_j.asm SUCCESS CPI:1.2 CYCLES:20 ICOUNT:17 IHITRATE: 0 DHITRATE: 0
/home/fitzgerald/private/ece552/cs552_cpu/asm/t_3_jal.asm SUCCESS CPI:1.2 CYCLES:20 ICOUNT:17 IHITRATE: 0 DHITRATE: 0
/home/fitzgerald/private/ece552/cs552_cpu/asm/t_3_jalr.asm SUCCESS CPI:1.0 CYCLES:116 ICOUNT:113 IHITRATE: 0 DHITRATE: 0
/home/fitzgerald/private/ece552/cs552_cpu/asm/t_3_jr.asm SUCCESS CPI:1.0 CYCLES:116 ICOUNT:113 IHITRATE: 0 DHITRATE: 0
/home/fitzgerald/private/ece552/cs552_cpu/asm/t_3_lbi.asm SUCCESS CPI:1.1 CYCLES:36 ICOUNT:33 IHITRATE: 0 DHITRATE: 0
/home/fitzgerald/private/ece552/cs552_cpu/asm/t_3_ld.asm SUCCESS CPI:1.1 CYCLES:52 ICOUNT:49 IHITRATE: 0 DHITRATE: 0
/home/fitzgerald/private/ece552/cs552_cpu/asm/t_3_mem.asm SUCCESS CPI:1.0 CYCLES:2174 ICOUNT:2171 IHITRATE: 0 DHITRATE: 0
/home/fitzgerald/private/ece552/cs552_cpu/asm/t_3_rol.asm SUCCESS CPI:1.1 CYCLES:36 ICOUNT:33 IHITRATE: 0 DHITRATE: 0
/home/fitzgerald/private/ece552/cs552_cpu/asm/t_3_roli.asm SUCCESS CPI:1.1 CYCLES:36 ICOUNT:33 IHITRATE: 0 DHITRATE: 0
/home/fitzgerald/private/ece552/cs552_cpu/asm/t_3_ror.asm SUCCESS CPI:1.1 CYCLES:36 ICOUNT:33 IHITRATE: 0 DHITRATE: 0
/home/fitzgerald/private/ece552/cs552_cpu/asm/t_3_rori.asm SUCCESS CPI:1.1 CYCLES:36 ICOUNT:33 IHITRATE: 0 DHITRATE: 0
/home/fitzgerald/private/ece552/cs552_cpu/asm/t_3_sco.asm SUCCESS CPI:1.1 CYCLES:36 ICOUNT:33 IHITRATE: 0 DHITRATE: 0
/home/fitzgerald/private/ece552/cs552_cpu/asm/t_3_seq.asm SUCCESS CPI:1.1 CYCLES:36 ICOUNT:33 IHITRATE: 0 DHITRATE: 0
/home/fitzgerald/private/ece552/cs552_cpu/asm/t_3_slbi.asm SUCCESS CPI:1.1 CYCLES:36 ICOUNT:33 IHITRATE: 0 DHITRATE: 0
/home/fitzgerald/private/ece552/cs552_cpu/asm/t_3_sle.asm SUCCESS
/home/fitzgerald/private/ece552/cs552_cpu/asm/t_3_sll.asm SUCCESS CPI:1.1 CYCLES:36 ICOUNT:33 IHITRATE: 0 DHITRATE: 0
/home/fitzgerald/private/ece552/cs552_cpu/asm/t_3_slli.asm SUCCESS CPI:1.1 CYCLES:36 ICOUNT:33 IHITRATE: 0 DHITRATE: 0
/home/fitzgerald/private/ece552/cs552_cpu/asm/t_3_slt.asm SUCCESS
/home/fitzgerald/private/ece552/cs552_cpu/asm/t_3_srl.asm SUCCESS CPI:1.1 CYCLES:36 ICOUNT:33 IHITRATE: 0 DHITRATE: 0
/home/fitzgerald/private/ece552/cs552_cpu/asm/t_3_srli.asm SUCCESS CPI:1.1 CYCLES:36 ICOUNT:33 IHITRATE: 0 DHITRATE: 0
/home/fitzgerald/private/ece552/cs552_cpu/asm/t_3_st.asm SUCCESS CPI:1.1 CYCLES:52 ICOUNT:49 IHITRATE: 0 DHITRATE: 0
/home/fitzgerald/private/ece552/cs552_cpu/asm/t_3_stu.asm SUCCESS CPI:1.1 CYCLES:52 ICOUNT:49 IHITRATE: 0 DHITRATE: 0
/home/fitzgerald/private/ece552/cs552_cpu/asm/t_3_sub.asm SUCCESS CPI:1.1 CYCLES:36 ICOUNT:33 IHITRATE: 0 DHITRATE: 0
/home/fitzgerald/private/ece552/cs552_cpu/asm/t_3_subi.asm SUCCESS CPI:1.1 CYCLES:36 ICOUNT:33 IHITRATE: 0 DHITRATE: 0
/home/fitzgerald/private/ece552/cs552_cpu/asm/t_3_xor.asm SUCCESS CPI:1.1 CYCLES:36 ICOUNT:33 IHITRATE: 0 DHITRATE: 0
/home/fitzgerald/private/ece552/cs552_cpu/asm/t_3_xori.asm SUCCESS CPI:1.1 CYCLES:36 ICOUNT:33 IHITRATE: 0 DHITRATE: 0
/home/fitzgerald/private/ece552/cs552_cpu/asm/t_4_add.asm SUCCESS CPI:1.1 CYCLES:36 ICOUNT:33 IHITRATE: 0 DHITRATE: 0
/home/fitzgerald/private/ece552/cs552_cpu/asm/t_4_addi.asm SUCCESS CPI:1.1 CYCLES:36 ICOUNT:33 IHITRATE: 0 DHITRATE: 0
/home/fitzgerald/private/ece552/cs552_cpu/asm/t_4_all.asm SUCCESS
/home/fitzgerald/private/ece552/cs552_cpu/asm/t_4_andn.asm SUCCESS CPI:1.1 CYCLES:36 ICOUNT:33 IHITRATE: 0 DHITRATE: 0
/home/fitzgerald/private/ece552/cs552_cpu/asm/t_4_andni.asm SUCCESS CPI:1.1 CYCLES:36 ICOUNT:33 IHITRATE: 0 DHITRATE: 0
/home/fitzgerald/private/ece552/cs552_cpu/asm/t_4_beqz.asm SUCCESS CPI:1.0 CYCLES:286 ICOUNT:283 IHITRATE: 0 DHITRATE: 0
/home/fitzgerald/private/ece552/cs552_cpu/asm/t_4_bgez.asm SUCCESS CPI:1.0 CYCLES:230 ICOUNT:227 IHITRATE: 0 DHITRATE: 0
/home/fitzgerald/private/ece552/cs552_cpu/asm/t_4_bltz.asm SUCCESS CPI:1.0 CYCLES:264 ICOUNT:261 IHITRATE: 0 DHITRATE: 0
/home/fitzgerald/private/ece552/cs552_cpu/asm/t_4_bnez.asm SUCCESS CPI:1.0 CYCLES:228 ICOUNT:225 IHITRATE: 0 DHITRATE: 0
/home/fitzgerald/private/ece552/cs552_cpu/asm/t_4_btr.asm SUCCESS CPI:1.1 CYCLES:52 ICOUNT:49 IHITRATE: 0 DHITRATE: 0
/home/fitzgerald/private/ece552/cs552_cpu/asm/t_4_ctrl.asm SUCCESS CPI:1.0 CYCLES:775 ICOUNT:772 IHITRATE: 0 DHITRATE: 0
/home/fitzgerald/private/ece552/cs552_cpu/asm/t_4_j.asm SUCCESS CPI:1.2 CYCLES:20 ICOUNT:17 IHITRATE: 0 DHITRATE: 0
/home/fitzgerald/private/ece552/cs552_cpu/asm/t_4_jal.asm SUCCESS CPI:1.2 CYCLES:20 ICOUNT:17 IHITRATE: 0 DHITRATE: 0
/home/fitzgerald/private/ece552/cs552_cpu/asm/t_4_jalr.asm SUCCESS CPI:1.0 CYCLES:116 ICOUNT:113 IHITRATE: 0 DHITRATE: 0
/home/fitzgerald/private/ece552/cs552_cpu/asm/t_4_jr.asm SUCCESS CPI:1.0 CYCLES:116 ICOUNT:113 IHITRATE: 0 DHITRATE: 0
/home/fitzgerald/private/ece552/cs552_cpu/asm/t_4_lbi.asm SUCCESS CPI:1.1 CYCLES:36 ICOUNT:33 IHITRATE: 0 DHITRATE: 0
/home/fitzgerald/private/ece552/cs552_cpu/asm/t_4_ld.asm SUCCESS CPI:1.1 CYCLES:52 ICOUNT:49 IHITRATE: 0 DHITRATE: 0
/home/fitzgerald/private/ece552/cs552_cpu/asm/t_4_mem.asm SUCCESS CPI:1.0 CYCLES:2028 ICOUNT:2025 IHITRATE: 0 DHITRATE: 0
/home/fitzgerald/private/ece552/cs552_cpu/asm/t_4_rol.asm SUCCESS CPI:1.1 CYCLES:36 ICOUNT:33 IHITRATE: 0 DHITRATE: 0
/home/fitzgerald/private/ece552/cs552_cpu/asm/t_4_roli.asm SUCCESS CPI:1.1 CYCLES:36 ICOUNT:33 IHITRATE: 0 DHITRATE: 0
/home/fitzgerald/private/ece552/cs552_cpu/asm/t_4_ror.asm SUCCESS CPI:1.1 CYCLES:36 ICOUNT:33 IHITRATE: 0 DHITRATE: 0
/home/fitzgerald/private/ece552/cs552_cpu/asm/t_4_rori.asm SUCCESS CPI:1.1 CYCLES:36 ICOUNT:33 IHITRATE: 0 DHITRATE: 0
/home/fitzgerald/private/ece552/cs552_cpu/asm/t_4_sco.asm SUCCESS CPI:1.1 CYCLES:36 ICOUNT:33 IHITRATE: 0 DHITRATE: 0
/home/fitzgerald/private/ece552/cs552_cpu/asm/t_4_seq.asm SUCCESS CPI:1.1 CYCLES:36 ICOUNT:33 IHITRATE: 0 DHITRATE: 0
/home/fitzgerald/private/ece552/cs552_cpu/asm/t_4_slbi.asm SUCCESS CPI:1.1 CYCLES:36 ICOUNT:33 IHITRATE: 0 DHITRATE: 0
/home/fitzgerald/private/ece552/cs552_cpu/asm/t_4_sle.asm SUCCESS CPI:1.1 CYCLES:36 ICOUNT:33 IHITRATE: 0 DHITRATE: 0
/home/fitzgerald/private/ece552/cs552_cpu/asm/t_4_sll.asm SUCCESS CPI:1.1 CYCLES:36 ICOUNT:33 IHITRATE: 0 DHITRATE: 0
/home/fitzgerald/private/ece552/cs552_cpu/asm/t_4_slli.asm SUCCESS CPI:1.1 CYCLES:36 ICOUNT:33 IHITRATE: 0 DHITRATE: 0
/home/fitzgerald/private/ece552/cs552_cpu/asm/t_4_slt.asm SUCCESS
/home/fitzgerald/private/ece552/cs552_cpu/asm/t_4_srl.asm SUCCESS CPI:1.1 CYCLES:36 ICOUNT:33 IHITRATE: 0 DHITRATE: 0
/home/fitzgerald/private/ece552/cs552_cpu/asm/t_4_srli.asm SUCCESS CPI:1.1 CYCLES:36 ICOUNT:33 IHITRATE: 0 DHITRATE: 0
/home/fitzgerald/private/ece552/cs552_cpu/asm/t_4_st.asm SUCCESS CPI:1.1 CYCLES:52 ICOUNT:49 IHITRATE: 0 DHITRATE: 0
/home/fitzgerald/private/ece552/cs552_cpu/asm/t_4_stu.asm SUCCESS CPI:1.1 CYCLES:52 ICOUNT:49 IHITRATE: 0 DHITRATE: 0
/home/fitzgerald/private/ece552/cs552_cpu/asm/t_4_sub.asm SUCCESS CPI:1.1 CYCLES:36 ICOUNT:33 IHITRATE: 0 DHITRATE: 0
/home/fitzgerald/private/ece552/cs552_cpu/asm/t_4_subi.asm SUCCESS CPI:1.1 CYCLES:36 ICOUNT:33 IHITRATE: 0 DHITRATE: 0
/home/fitzgerald/private/ece552/cs552_cpu/asm/t_4_xor.asm SUCCESS CPI:1.1 CYCLES:36 ICOUNT:33 IHITRATE: 0 DHITRATE: 0
/home/fitzgerald/private/ece552/cs552_cpu/asm/t_4_xori.asm SUCCESS CPI:1.1 CYCLES:36 ICOUNT:33 IHITRATE: 0 DHITRATE: 0
/home/fitzgerald/private/ece552/cs552_cpu/asm/t_5_all.asm SUCCESS CPI:1.0 CYCLES:626 ICOUNT:623 IHITRATE: 0 DHITRATE: 0
/home/fitzgerald/private/ece552/cs552_cpu/asm/t_5_ctrl.asm SUCCESS CPI:1.0 CYCLES:1080 ICOUNT:1077 IHITRATE: 0 DHITRATE: 0
/home/fitzgerald/private/ece552/cs552_cpu/asm/t_5_mem.asm SUCCESS
/home/fitzgerald/private/ece552/cs552_cpu/asm/t_6_all.asm SUCCESS
/home/fitzgerald/private/ece552/cs552_cpu/asm/t_6_ctrl.asm SUCCESS
/home/fitzgerald/private/ece552/cs552_cpu/asm/t_6_mem.asm SUCCESS CPI:1.0 CYCLES:2176 ICOUNT:2173 IHITRATE: 0 DHITRATE: 0
/home/fitzgerald/private/ece552/cs552_cpu/asm/t_7_all.asm SUCCESS CPI:1.0 CYCLES:547 ICOUNT:544 IHITRATE: 0 DHITRATE: 0
/home/fitzgerald/private/ece552/cs552_cpu/asm/t_7_ctrl.asm SUCCESS
/home/fitzgerald/private/ece552/cs552_cpu/asm/t_7_mem.asm SUCCESS CPI:1.0 CYCLES:2288 ICOUNT:2285 IHITRATE: 0 DHITRATE: 0
/home/fitzgerald/private/ece552/cs552_cpu/asm/t_8_all.asm SUCCESS CPI:1.0 CYCLES:584 ICOUNT:581 IHITRATE: 0 DHITRATE: 0
/home/fitzgerald/private/ece552/cs552_cpu/asm/t_8_ctrl.asm SUCCESS CPI:1.0 CYCLES:816 ICOUNT:813 IHITRATE: 0 DHITRATE: 0
/home/fitzgerald/private/ece552/cs552_cpu/asm/t_8_mem.asm SUCCESS
/home/fitzgerald/private/ece552/cs552_cpu/asm/xor_0.asm SUCCESS CPI:2.0 CYCLES:6 ICOUNT:3 IHITRATE: 0 DHITRATE: 0
/home/fitzgerald/private/ece552/cs552_cpu/asm/xor_1.asm SUCCESS CPI:1.7 CYCLES:7 ICOUNT:4 IHITRATE: 0 DHITRATE: 0
/home/fitzgerald/private/ece552/cs552_cpu/asm/xor_2.asm SUCCESS CPI:1.7 CYCLES:7 ICOUNT:4 IHITRATE: 0 DHITRATE: 0
/home/fitzgerald/private/ece552/cs552_cpu/asm/xor_3.asm SUCCESS CPI:1.7 CYCLES:7 ICOUNT:4 IHITRATE: 0 DHITRATE: 0
/home/fitzgerald/private/ece552/cs552_cpu/asm/xor_4.asm SUCCESS CPI:1.7 CYCLES:7 ICOUNT:4 IHITRATE: 0 DHITRATE: 0
/home/fitzgerald/private/ece552/cs552_cpu/asm/xor_5.asm SUCCESS CPI:2.0 CYCLES:6 ICOUNT:3 IHITRATE: 0 DHITRATE: 0
/home/fitzgerald/private/ece552/cs552_cpu/asm/xor_6.asm SUCCESS CPI:1.6 CYCLES:8 ICOUNT:5 IHITRATE: 0 DHITRATE: 0
/home/fitzgerald/private/ece552/cs552_cpu/asm/xori_0.asm SUCCESS CPI:2.0 CYCLES:6 ICOUNT:3 IHITRATE: 0 DHITRATE: 0
/home/fitzgerald/private/ece552/cs552_cpu/asm/xori_1.asm SUCCESS CPI:2.0 CYCLES:6 ICOUNT:3 IHITRATE: 0 DHITRATE: 0
/home/fitzgerald/private/ece552/cs552_cpu/asm/xori_10.asm SUCCESS CPI:2.0 CYCLES:6 ICOUNT:3 IHITRATE: 0 DHITRATE: 0
/home/fitzgerald/private/ece552/cs552_cpu/asm/xori_11.asm SUCCESS CPI:2.0 CYCLES:6 ICOUNT:3 IHITRATE: 0 DHITRATE: 0
/home/fitzgerald/private/ece552/cs552_cpu/asm/xori_12.asm SUCCESS CPI:2.0 CYCLES:6 ICOUNT:3 IHITRATE: 0 DHITRATE: 0
/home/fitzgerald/private/ece552/cs552_cpu/asm/xori_13.asm SUCCESS CPI:2.0 CYCLES:6 ICOUNT:3 IHITRATE: 0 DHITRATE: 0
/home/fitzgerald/private/ece552/cs552_cpu/asm/xori_2.asm SUCCESS CPI:2.0 CYCLES:6 ICOUNT:3 IHITRATE: 0 DHITRATE: 0
/home/fitzgerald/private/ece552/cs552_cpu/asm/xori_3.asm SUCCESS CPI:2.0 CYCLES:6 ICOUNT:3 IHITRATE: 0 DHITRATE: 0
/home/fitzgerald/private/ece552/cs552_cpu/asm/xori_4.asm SUCCESS CPI:2.0 CYCLES:6 ICOUNT:3 IHITRATE: 0 DHITRATE: 0
/home/fitzgerald/private/ece552/cs552_cpu/asm/xori_5.asm SUCCESS CPI:2.0 CYCLES:6 ICOUNT:3 IHITRATE: 0 DHITRATE: 0
/home/fitzgerald/private/ece552/cs552_cpu/asm/xori_6.asm SUCCESS CPI:2.0 CYCLES:6 ICOUNT:3 IHITRATE: 0 DHITRATE: 0
/home/fitzgerald/private/ece552/cs552_cpu/asm/xori_7.asm SUCCESS CPI:2.0 CYCLES:6 ICOUNT:3 IHITRATE: 0 DHITRATE: 0
/home/fitzgerald/private/ece552/cs552_cpu/asm/xori_8.asm SUCCESS CPI:2.0 CYCLES:6 ICOUNT:3 IHITRATE: 0 DHITRATE: 0
/home/fitzgerald/private/ece552/cs552_cpu/asm/xori_9.asm SUCCESS CPI:2.0 CYCLES:6 ICOUNT:3 IHITRATE: 0 DHITRATE: 0
